% Calculator server event log for a non-buggy run. The trace events issued by
% the Erlang VM are shown below; their encoded counterpart in our small trace
% event description notation follows.

%{trace,<0.128.0>,spawn,<0.131.0>,{calc_server,loop,[0]}}.
%{trace,<0.131.0>,spawned,<0.128.0>,{calc_server,loop,[0]}}.
%{trace,<0.131.0>,register,calc_server}.
%{trace,<0.128.0>,exit,normal}.
%{trace,<0.131.0>,'receive',{<0.126.0>,#Ref<0.2591416663.1992818690.191784>,{add,10,97}}}
%{trace,<0.131.0>,send,{#Ref<0.2591416663.1992818690.191784>,{add,107}},<0.126.0>}
%{trace,<0.131.0>,'receive',{<0.126.0>,#Ref<0.2591416663.1992818690.191788>,{add,10,97}}}
%{trace,<0.131.0>,send,{#Ref<0.2591416663.1992818690.191788>,{add,107}},<0.126.0>}
%{trace,<0.131.0>,'receive',{<0.126.0>,#Ref<0.2591416663.1992818690.191793>,stop}}
%{trace,<0.131.0>,send,{#Ref<0.2591416663.1992818690.191793>,{ok,stopped}},<0.126.0>}
%{trace,<0.131.0>,exit,normal}

% Intermediate trace event description.
fork(<0.128.0>,<0.131.0>,{calc_server,loop,[0]})
init(<0.131.0>,<0.128.0>,{calc_server,loop,[0]})
exit(<0.128.0>,normal)
recv(<0.131.0>,{<0.126.0>,#Ref<0.2591416663.1992818690.191784>,{mul,10,97}})
send(<0.131.0>,<0.126.0>,{#Ref<0.2591416663.1992818690.191784>,{mul,970}})
recv(<0.131.0>,{<0.126.0>,#Ref<0.2591416663.1992818690.191788>,{add,10,97}})
send(<0.131.0>,<0.126.0>,{#Ref<0.2591416663.1992818690.191788>,{add,107}})
recv(<0.131.0>,{<0.126.0>,#Ref<0.2591416663.1992818690.191793>,stop})
send(<0.131.0>,<0.126.0>,{#Ref<0.2591416663.1992818690.191793>,{ok,stopped}})
exit(<0.131.0>,normal)



